<?xml version="1.0" encoding="UTF-8"?>
<testng-results ignored="0" total="1" passed="1" failed="0" skipped="0">
  <reporter-output>
  </reporter-output>
  <suite started-at="2022-12-21T11:54:18 IST" name="Basic Integration Test Suite" finished-at="2022-12-21T11:54:21 IST" duration-ms="2596">
    <groups>
    </groups>
    <test started-at="2022-12-21T11:54:18 IST" name="Test" finished-at="2022-12-21T11:54:21 IST" duration-ms="2596">
      <class name="request.GetRequest2">
        <test-method is-config="true" signature="setUp()[pri:0, instance:request.GetRequest2@f107c50]" started-at="2022-12-21T11:54:17 IST" name="setUp" finished-at="2022-12-21T11:54:18 IST" duration-ms="711" status="PASS">
          <reporter-output>
          </reporter-output>
        </test-method> <!-- setUp -->
        <test-method signature="getRequest()[pri:0, instance:request.GetRequest2@f107c50]" started-at="2022-12-21T11:54:18 IST" name="getRequest" finished-at="2022-12-21T11:54:20 IST" duration-ms="2078" status="PASS">
          <reporter-output>
          </reporter-output>
        </test-method> <!-- getRequest -->
        <test-method is-config="true" signature="tearDown()[pri:0, instance:request.GetRequest2@f107c50]" started-at="2022-12-21T11:54:21 IST" name="tearDown" finished-at="2022-12-21T11:54:21 IST" duration-ms="1" status="PASS">
          <reporter-output>
          </reporter-output>
        </test-method> <!-- tearDown -->
      </class> <!-- request.GetRequest2 -->
    </test> <!-- Test -->
  </suite> <!-- Basic Integration Test Suite -->
</testng-results>
